<?xml version="1.0" encoding="UTF-8" ?>
<testsuite tests="2" failures="0" name="controllers.ApiControllerDocTesterTest" time="5.413" errors="2" skipped="0">
  <properties>
[...]
</properties>
  <testcase classname="controllers.ApiControllerDocTesterTest" name="testGetAndPostArticleViaJson" time="2.706">
    <error message="ninja.lifecycle.FailedStartException: javax.persistence.PersistenceException: [PersistenceUnit: h2_test] Unable to build Hibernate SessionFactory" type="java.lang.RuntimeException">java.lang.RuntimeException: ninja.lifecycle.FailedStartException: javax.persistence.PersistenceException: [PersistenceUnit: h2_test] Unable to build Hibernate SessionFactory
	at ninja.utils.NinjaTestServer.&lt;init&gt;(NinjaTestServer.java:56)
	at ninja.utils.NinjaTestServer.&lt;init&gt;(NinjaTestServer.java:41)
	at ninja.utils.NinjaTestServer.&lt;init&gt;(NinjaTestServer.java:37)
	at ninja.NinjaDocTester.startServerInTestMode(NinjaDocTester.java:43)
	at sun.reflect.NativeMethodAccessorImpl.invoke0(Native Method)
	at sun.reflect.NativeMethodAccessorImpl.invoke(NativeMethodAccessorImpl.java:62)
	at sun.reflect.DelegatingMethodAccessorImpl.invoke(DelegatingMethodAccessorImpl.java:43)
	at java.lang.reflect.Method.invoke(Method.java:498)
	at org.junit.runners.model.FrameworkMethod$1.runReflectiveCall(FrameworkMethod.java:47)
	at org.junit.internal.runners.model.ReflectiveCallable.run(ReflectiveCallable.java:12)
	at org.junit.runners.model.FrameworkMethod.invokeExplosively(FrameworkMethod.java:44)
	at org.junit.internal.runners.statements.RunBefores.evaluate(RunBefores.java:24)
	at org.junit.internal.runners.statements.RunAfters.evaluate(RunAfters.java:27)
	at org.junit.rules.TestWatcher$1.evaluate(TestWatcher.java:55)
	at org.junit.rules.RunRules.evaluate(RunRules.java:20)
	at org.junit.runners.ParentRunner.runLeaf(ParentRunner.java:271)
	at org.junit.runners.BlockJUnit4ClassRunner.runChild(BlockJUnit4ClassRunner.java:70)
	at org.junit.runners.BlockJUnit4ClassRunner.runChild(BlockJUnit4ClassRunner.java:50)
	at org.junit.runners.ParentRunner$3.run(ParentRunner.java:238)
	at org.junit.runners.ParentRunner$1.schedule(ParentRunner.java:63)
	at org.junit.runners.ParentRunner.runChildren(ParentRunner.java:236)
	at org.junit.runners.ParentRunner.access$000(ParentRunner.java:53)
	at org.junit.runners.ParentRunner$2.evaluate(ParentRunner.java:229)
	at org.junit.internal.runners.statements.RunAfters.evaluate(RunAfters.java:27)
	at org.junit.runners.ParentRunner.run(ParentRunner.java:309)
	at org.apache.maven.surefire.junit4.JUnit4Provider.execute(JUnit4Provider.java:252)
	at org.apache.maven.surefire.junit4.JUnit4Provider.executeTestSet(JUnit4Provider.java:141)
	at org.apache.maven.surefire.junit4.JUnit4Provider.invoke(JUnit4Provider.java:112)
	at sun.reflect.NativeMethodAccessorImpl.invoke0(Native Method)
	at sun.reflect.NativeMethodAccessorImpl.invoke(NativeMethodAccessorImpl.java:62)
	at sun.reflect.DelegatingMethodAccessorImpl.invoke(DelegatingMethodAccessorImpl.java:43)
	at java.lang.reflect.Method.invoke(Method.java:498)
	at org.apache.maven.surefire.util.ReflectionUtils.invokeMethodWithArray(ReflectionUtils.java:189)
	at org.apache.maven.surefire.booter.ProviderFactory$ProviderProxy.invoke(ProviderFactory.java:165)
	at org.apache.maven.surefire.booter.ProviderFactory.invokeProvider(ProviderFactory.java:85)
	at org.apache.maven.surefire.booter.ForkedBooter.runSuitesInProcess(ForkedBooter.java:115)
	at org.apache.maven.surefire.booter.ForkedBooter.main(ForkedBooter.java:75)
Caused by: ninja.lifecycle.FailedStartException: javax.persistence.PersistenceException: [PersistenceUnit: h2_test] Unable to build Hibernate SessionFactory
	at ninja.lifecycle.LifecycleRegister.invokeTarget(LifecycleRegister.java:103)
	at ninja.lifecycle.LifecycleRegister.start(LifecycleRegister.java:55)
	at ninja.lifecycle.LifecycleServiceImpl.start(LifecycleServiceImpl.java:84)
	at ninja.NinjaDefault.onFrameworkStart(NinjaDefault.java:149)
	at ninja.Bootstrap.boot(Bootstrap.java:116)
	at ninja.servlet.NinjaServletListener.createNinjaBootstrap(NinjaServletListener.java:131)
	at ninja.servlet.NinjaServletListener.getInjector(NinjaServletListener.java:109)
	at com.google.inject.servlet.GuiceServletContextListener.contextInitialized(GuiceServletContextListener.java:47)
	at ninja.servlet.NinjaServletListener.contextInitialized(NinjaServletListener.java:61)
	at org.eclipse.jetty.server.handler.ContextHandler.callContextInitialized(ContextHandler.java:800)
	at org.eclipse.jetty.servlet.ServletContextHandler.callContextInitialized(ServletContextHandler.java:444)
	at org.eclipse.jetty.server.handler.ContextHandler.startContext(ContextHandler.java:791)
	at org.eclipse.jetty.servlet.ServletContextHandler.startContext(ServletContextHandler.java:294)
	at org.eclipse.jetty.server.handler.ContextHandler.doStart(ContextHandler.java:741)
	at org.eclipse.jetty.util.component.AbstractLifeCycle.start(AbstractLifeCycle.java:68)
	at org.eclipse.jetty.util.component.ContainerLifeCycle.start(ContainerLifeCycle.java:132)
	at org.eclipse.jetty.server.Server.start(Server.java:387)
	at org.eclipse.jetty.util.component.ContainerLifeCycle.doStart(ContainerLifeCycle.java:114)
	at org.eclipse.jetty.server.handler.AbstractHandler.doStart(AbstractHandler.java:61)
	at org.eclipse.jetty.server.Server.doStart(Server.java:354)
	at org.eclipse.jetty.util.component.AbstractLifeCycle.start(AbstractLifeCycle.java:68)
	at ninja.standalone.NinjaJetty.doStart(NinjaJetty.java:161)
	at ninja.standalone.AbstractStandalone.start(AbstractStandalone.java:197)
	at ninja.standalone.AbstractStandalone.start(AbstractStandalone.java:44)
	at ninja.utils.NinjaTestServer.&lt;init&gt;(NinjaTestServer.java:54)
	... 36 more
Caused by: javax.persistence.PersistenceException: [PersistenceUnit: h2_test] Unable to build Hibernate SessionFactory
	at org.hibernate.jpa.boot.internal.EntityManagerFactoryBuilderImpl.persistenceException(EntityManagerFactoryBuilderImpl.java:1239)
	at org.hibernate.jpa.boot.internal.EntityManagerFactoryBuilderImpl.access$600(EntityManagerFactoryBuilderImpl.java:120)
	at org.hibernate.jpa.boot.internal.EntityManagerFactoryBuilderImpl$4.perform(EntityManagerFactoryBuilderImpl.java:855)
	at org.hibernate.jpa.boot.internal.EntityManagerFactoryBuilderImpl$4.perform(EntityManagerFactoryBuilderImpl.java:845)
	at org.hibernate.boot.registry.classloading.internal.ClassLoaderServiceImpl.withTccl(ClassLoaderServiceImpl.java:398)
	at org.hibernate.jpa.boot.internal.EntityManagerFactoryBuilderImpl.build(EntityManagerFactoryBuilderImpl.java:844)
	at org.hibernate.jpa.HibernatePersistenceProvider.createEntityManagerFactory(HibernatePersistenceProvider.java:75)
	at org.hibernate.ejb.HibernatePersistence.createEntityManagerFactory(HibernatePersistence.java:54)
	at javax.persistence.Persistence.createEntityManagerFactory(Persistence.java:55)
	at com.google.inject.persist.jpa.JpaPersistService.start(JpaPersistService.java:107)
	at ninja.jpa.JpaInitializer.start(JpaInitializer.java:52)
	at sun.reflect.NativeMethodAccessorImpl.invoke0(Native Method)
	at sun.reflect.NativeMethodAccessorImpl.invoke(NativeMethodAccessorImpl.java:62)
	at sun.reflect.DelegatingMethodAccessorImpl.invoke(DelegatingMethodAccessorImpl.java:43)
	at java.lang.reflect.Method.invoke(Method.java:498)
	at ninja.lifecycle.LifecycleRegister.invokeTarget(LifecycleRegister.java:96)
	... 60 more
Caused by: org.hibernate.AnnotationException: No identifier specified for entity: models.ActionReaction
	at org.hibernate.cfg.InheritanceState.determineDefaultAccessType(InheritanceState.java:277)
	at org.hibernate.cfg.InheritanceState.getElementsToProcess(InheritanceState.java:224)
	at org.hibernate.cfg.AnnotationBinder.bindClass(AnnotationBinder.java:775)
	at org.hibernate.cfg.Configuration$MetadataSourceQueue.processAnnotatedClassesQueue(Configuration.java:3845)
	at org.hibernate.cfg.Configuration$MetadataSourceQueue.processMetadata(Configuration.java:3799)
	at org.hibernate.cfg.Configuration.secondPassCompile(Configuration.java:1412)
	at org.hibernate.cfg.Configuration.buildSessionFactory(Configuration.java:1846)
	at org.hibernate.jpa.boot.internal.EntityManagerFactoryBuilderImpl$4.perform(EntityManagerFactoryBuilderImpl.java:852)
	... 73 more
</error>
    <system-out>10:19:01.405 [main] INFO  ninja.utils.NinjaModeHelper - Ninja is running in mode prod
10:19:01.466 [main] INFO  org.eclipse.jetty.util.log - Logging initialized @571ms
10:19:01.818 [main] WARN  o.e.j.server.handler.ContextHandler - Empty contextPath
10:19:01.829 [main] INFO  ninja.standalone.NinjaJetty - Trying to start jetty v9.2.10.v20150310 on &lt;all&gt;:1000, 8443/ssl
10:19:01.831 [main] INFO  org.eclipse.jetty.server.Server - jetty-9.2.10.v20150310
10:19:01.854 [main] INFO  ninja.Bootstrap - Successfully configured Logback.
10:19:01.856 [main] INFO  ninja.Bootstrap - Enabling Ninja classic configuration
10:19:02.464 [main] INFO  ninja.utils.SwissKnife - Could not load file conf/messages_en.properties (not a bad thing necessarily, but I am returing null)
10:19:02.464 [main] INFO  ninja.i18n.MessagesImpl - Did not find conf/messages_en.properties but it was specified in application.conf. Using default language instead.
10:19:02.509 [main] INFO  n.template.TemplateEngineManagerImpl - -------------------------------------------------------------------
10:19:02.509 [main] INFO  n.template.TemplateEngineManagerImpl - Registered response template engines
10:19:02.509 [main] INFO  n.template.TemplateEngineManagerImpl - -------------------------------------------------------------------
10:19:02.509 [main] INFO  n.template.TemplateEngineManagerImpl - application/javascript  =&gt;  ninja.template.TemplateEngineJsonP
10:19:02.509 [main] INFO  n.template.TemplateEngineManagerImpl - application/json        =&gt;  ninja.template.TemplateEngineJson
10:19:02.509 [main] INFO  n.template.TemplateEngineManagerImpl - application/xml         =&gt;  ninja.template.TemplateEngineXml
10:19:02.509 [main] INFO  n.template.TemplateEngineManagerImpl - text/html               =&gt;  ninja.template.TemplateEngineFreemarker
10:19:02.509 [main] INFO  n.template.TemplateEngineManagerImpl - text/plain              =&gt;  ninja.template.TemplateEngineText
10:19:02.518 [main] INFO  n.b.BodyParserEngineManagerImpl - ----------------------------------------------------------------------------
10:19:02.518 [main] INFO  n.b.BodyParserEngineManagerImpl - Registered request bodyparser engines
10:19:02.518 [main] INFO  n.b.BodyParserEngineManagerImpl - ----------------------------------------------------------------------------
10:19:02.518 [main] INFO  n.b.BodyParserEngineManagerImpl - application/json                   =&gt;  ninja.bodyparser.BodyParserEngineJson
10:19:02.518 [main] INFO  n.b.BodyParserEngineManagerImpl - application/x-www-form-urlencoded  =&gt;  ninja.bodyparser.BodyParserEnginePost
10:19:02.518 [main] INFO  n.b.BodyParserEngineManagerImpl - application/xml                    =&gt;  ninja.bodyparser.BodyParserEngineXml
10:19:02.518 [main] INFO  ninja.Bootstrap - Ninja injector started in 657 ms.
10:19:02.571 [main] INFO  ninja.RouterImpl - ------------------------------------------------------------------------------------------
10:19:02.571 [main] INFO  ninja.RouterImpl - Registered routes
10:19:02.571 [main] INFO  ninja.RouterImpl - ------------------------------------------------------------------------------------------
10:19:02.571 [main] INFO  ninja.RouterImpl - GET  /setup                             =&gt;  controllers.ApplicationController.setup()
10:19:02.571 [main] INFO  ninja.RouterImpl - GET  /login                             =&gt;  controllers.LoginLogoutController.login()
10:19:02.572 [main] INFO  ninja.RouterImpl - POST /login                             =&gt;  controllers.LoginLogoutController.loginPost()
10:19:02.572 [main] INFO  ninja.RouterImpl - GET  /logout                            =&gt;  controllers.LoginLogoutController.logout()
10:19:02.572 [main] INFO  ninja.RouterImpl - GET  /article/new                       =&gt;  controllers.ArticleController.articleNew()
10:19:02.572 [main] INFO  ninja.RouterImpl - POST /article/new                       =&gt;  controllers.ArticleController.articleNewPost()
10:19:02.572 [main] INFO  ninja.RouterImpl - GET  /article/{id}                      =&gt;  controllers.ArticleController.articleShow()
10:19:02.572 [main] INFO  ninja.RouterImpl - GET  /api/{username}/articles.json      =&gt;  controllers.ApiController.getArticlesJson()
10:19:02.572 [main] INFO  ninja.RouterImpl - GET  /api/{username}/article/{id}.json  =&gt;  controllers.ApiController.getArticleJson()
10:19:02.572 [main] INFO  ninja.RouterImpl - GET  /api/{username}/articles.xml       =&gt;  controllers.ApiController.getArticlesXml()
10:19:02.572 [main] INFO  ninja.RouterImpl - POST /api/{username}/article.json       =&gt;  controllers.ApiController.postArticleJson()
10:19:02.572 [main] INFO  ninja.RouterImpl - POST /api/{username}/article.xml        =&gt;  controllers.ApiController.postArticleXml()
10:19:02.572 [main] INFO  ninja.RouterImpl - GET  /assets/webjars/{fileName: .*}     =&gt;  ninja.AssetsController.serveWebJars()
10:19:02.572 [main] INFO  ninja.RouterImpl - GET  /assets/{fileName: .*}             =&gt;  ninja.AssetsController.serveStatic()
10:19:02.572 [main] INFO  ninja.RouterImpl - GET  /.*                                =&gt;  controllers.ApplicationController.index()
10:19:02.573 [main] INFO  ninja.NinjaDefault - 
 _______  .___ _______        ____.  _____   
 \      \ |   |\      \      |    | /  _  \  
 /   |   \|   |/   |   \     |    |/  /_\  \ 
/    |    \   /    |    \/\__|    /    |    \  http://www.ninjaframework.org
\____|__  /___\____|__  /\________\____|__  /  @ninjaframework
     web\/framework   \/                  \/   5.8.0

10:19:02.573 [main] INFO  ninja.lifecycle.LifecycleServiceImpl - Starting Ninja application...
10:19:02.575 [main] INFO  n.migrations.MigrationEngineProvider - Using ninja.migrations.flyway.MigrationEngineFlyway as default implementation for ninja.migrations.MigrationEngine
10:19:02.588 [main] INFO  o.f.c.internal.util.VersionPrinter - Flyway 4.0.3 by Boxfuse
10:19:02.730 [main] INFO  o.f.c.i.dbsupport.DbSupportFactory - Database: jdbc:h2:./target/h2database_test (H2 1.4)
10:19:02.773 [main] INFO  o.f.core.internal.command.DbClean - Successfully cleaned schema &quot;PUBLIC&quot; (execution time 00:00.007s)
10:19:02.794 [main] INFO  o.f.core.internal.command.DbValidate - Successfully validated 2 migrations (execution time 00:00.005s)
10:19:02.798 [main] INFO  o.f.c.i.m.MetaDataTableImpl - Creating Metadata table: &quot;PUBLIC&quot;.&quot;schema_version&quot;
10:19:02.806 [main] INFO  o.f.core.internal.command.DbMigrate - Current version of schema &quot;PUBLIC&quot;: &lt;&lt; Empty Schema &gt;&gt;
10:19:02.807 [main] INFO  o.f.core.internal.command.DbMigrate - Migrating schema &quot;PUBLIC&quot; to version 1 - 
10:19:02.821 [main] INFO  o.f.core.internal.command.DbMigrate - Migrating schema &quot;PUBLIC&quot; to version 2 - 
10:19:02.828 [main] INFO  o.f.core.internal.command.DbMigrate - Successfully applied 2 migrations to schema &quot;PUBLIC&quot; (execution time 00:00.029s).
10:19:02.866 [main] WARN  o.hibernate.ejb.HibernatePersistence - HHH015016: Encountered a deprecated javax.persistence.spi.PersistenceProvider [org.hibernate.ejb.HibernatePersistence]; use [org.hibernate.jpa.HibernatePersistenceProvider] instead.
10:19:02.867 [main] WARN  o.hibernate.ejb.HibernatePersistence - HHH015016: Encountered a deprecated javax.persistence.spi.PersistenceProvider [org.hibernate.ejb.HibernatePersistence]; use [org.hibernate.jpa.HibernatePersistenceProvider] instead.
10:19:02.867 [main] WARN  o.hibernate.ejb.HibernatePersistence - HHH015016: Encountered a deprecated javax.persistence.spi.PersistenceProvider [org.hibernate.ejb.HibernatePersistence]; use [org.hibernate.jpa.HibernatePersistenceProvider] instead.
10:19:03.071 [main] INFO  o.h.jpa.internal.util.LogHelper - HHH000204: Processing PersistenceUnitInfo [
	name: h2_test
	...]
10:19:03.133 [main] INFO  org.hibernate.Version - HHH000412: Hibernate Core {4.3.8.Final}
10:19:03.134 [main] INFO  org.hibernate.cfg.Environment - HHH000206: hibernate.properties not found
10:19:03.136 [main] INFO  org.hibernate.cfg.Environment - HHH000021: Bytecode provider name : javassist
10:19:03.315 [main] INFO  o.h.annotations.common.Version - HCANN000001: Hibernate Commons Annotations {4.0.5.Final}
10:19:03.344 [main] INFO  o.h.e.j.c.i.ConnectionProviderInitiator - HHH000130: Instantiating explicit connection provider: org.hibernate.service.jdbc.connections.internal.C3P0ConnectionProvider
10:19:03.351 [main] INFO  o.h.c.i.C3P0ConnectionProvider - HHH010002: C3P0 using driver: org.h2.Driver at URL: jdbc:h2:./target/h2database_test
10:19:03.352 [main] INFO  o.h.c.i.C3P0ConnectionProvider - HHH000046: Connection properties: {user=ra, password=****}
10:19:03.352 [main] INFO  o.h.c.i.C3P0ConnectionProvider - HHH000006: Autocommit mode: false
10:19:03.366 [main] INFO  com.mchange.v2.log.MLog - MLog clients using log4j logging.
10:19:03.465 [main] INFO  com.mchange.v2.c3p0.C3P0Registry - Initializing c3p0-0.9.2.1 [built 20-March-2013 10:47:27 +0000; debug? true; trace: 10]
10:19:03.532 [main] INFO  c.m.v.c.i.AbstractPoolBackedDataSource - Initializing c3p0 pool... com.mchange.v2.c3p0.PoolBackedDataSource@c573600a [ connectionPoolDataSource -&gt; com.mchange.v2.c3p0.WrapperConnectionPoolDataSource@d9a7f222 [ acquireIncrement -&gt; 1, acquireRetryAttempts -&gt; 30, acquireRetryDelay -&gt; 1000, autoCommitOnClose -&gt; false, automaticTestTable -&gt; null, breakAfterAcquireFailure -&gt; false, checkoutTimeout -&gt; 0, connectionCustomizerClassName -&gt; null, connectionTesterClassName -&gt; com.mchange.v2.c3p0.impl.DefaultConnectionTester, debugUnreturnedConnectionStackTraces -&gt; false, factoryClassLocation -&gt; null, forceIgnoreUnresolvedTransactions -&gt; false, identityToken -&gt; 1hgeby99lysbq3g91xtdr|19683c4, idleConnectionTestPeriod -&gt; 300, initialPoolSize -&gt; 0, maxAdministrativeTaskTime -&gt; 0, maxConnectionAge -&gt; 0, maxIdleTime -&gt; 100, maxIdleTimeExcessConnections -&gt; 0, maxPoolSize -&gt; 100, maxStatements -&gt; 0, maxStatementsPerConnection -&gt; 0, minPoolSize -&gt; 0, nestedDataSource -&gt; com.mchange.v2.c3p0.DriverManagerDataSource@d9a21672 [ description -&gt; null, driverClass -&gt; null, factoryClassLocation -&gt; null, identityToken -&gt; 1hgeby99lysbq3g91xtdr|195d13c, jdbcUrl -&gt; jdbc:h2:./target/h2database_test, properties -&gt; {user=******, password=******} ], preferredTestQuery -&gt; null, propertyCycle -&gt; 0, statementCacheNumDeferredCloseThreads -&gt; 0, testConnectionOnCheckin -&gt; false, testConnectionOnCheckout -&gt; false, unreturnedConnectionTimeout -&gt; 0, usesTraditionalReflectiveProxies -&gt; false; userOverrides: {} ], dataSourceName -&gt; null, factoryClassLocation -&gt; null, identityToken -&gt; 1hgeby99lysbq3g91xtdr|107165, numHelperThreads -&gt; 3 ]
10:19:03.585 [main] INFO  org.hibernate.dialect.Dialect - HHH000400: Using dialect: org.hibernate.dialect.H2Dialect
10:19:03.595 [main] INFO  o.h.e.j.internal.LobCreatorBuilder - HHH000424: Disabling contextual LOB creation as createClob() method threw error : java.lang.reflect.InvocationTargetException
10:19:03.657 [main] WARN  o.e.j.u.component.AbstractLifeCycle - FAILED o.e.j.s.ServletContextHandler@b0702e{/,null,STARTING}: ninja.lifecycle.FailedStartException: javax.persistence.PersistenceException: [PersistenceUnit: h2_test] Unable to build Hibernate SessionFactory
ninja.lifecycle.FailedStartException: javax.persistence.PersistenceException: [PersistenceUnit: h2_test] Unable to build Hibernate SessionFactory
	at ninja.lifecycle.LifecycleRegister.invokeTarget(LifecycleRegister.java:103) ~[ninja-core-5.8.0.jar:na]
	at ninja.lifecycle.LifecycleRegister.start(LifecycleRegister.java:55) ~[ninja-core-5.8.0.jar:na]
	at ninja.lifecycle.LifecycleServiceImpl.start(LifecycleServiceImpl.java:84) ~[ninja-core-5.8.0.jar:na]
	at ninja.NinjaDefault.onFrameworkStart(NinjaDefault.java:149) ~[ninja-core-5.8.0.jar:na]
	at ninja.Bootstrap.boot(Bootstrap.java:116) ~[ninja-core-5.8.0.jar:na]
	at ninja.servlet.NinjaServletListener.createNinjaBootstrap(NinjaServletListener.java:131) ~[ninja-servlet-5.8.0.jar:na]
	at ninja.servlet.NinjaServletListener.getInjector(NinjaServletListener.java:109) ~[ninja-servlet-5.8.0.jar:na]
	at com.google.inject.servlet.GuiceServletContextListener.contextInitialized(GuiceServletContextListener.java:47) ~[guice-servlet-4.0.jar:na]
	at ninja.servlet.NinjaServletListener.contextInitialized(NinjaServletListener.java:61) ~[ninja-servlet-5.8.0.jar:na]
	at org.eclipse.jetty.server.handler.ContextHandler.callContextInitialized(ContextHandler.java:800) ~[jetty-server-9.2.10.v20150310.jar:9.2.10.v20150310]
	at org.eclipse.jetty.servlet.ServletContextHandler.callContextInitialized(ServletContextHandler.java:444) ~[jetty-servlet-9.2.10.v20150310.jar:9.2.10.v20150310]
	at org.eclipse.jetty.server.handler.ContextHandler.startContext(ContextHandler.java:791) ~[jetty-server-9.2.10.v20150310.jar:9.2.10.v20150310]
	at org.eclipse.jetty.servlet.ServletContextHandler.startContext(ServletContextHandler.java:294) ~[jetty-servlet-9.2.10.v20150310.jar:9.2.10.v20150310]
	at org.eclipse.jetty.server.handler.ContextHandler.doStart(ContextHandler.java:741) ~[jetty-server-9.2.10.v20150310.jar:9.2.10.v20150310]
	at org.eclipse.jetty.util.component.AbstractLifeCycle.start(AbstractLifeCycle.java:68) [jetty-util-9.2.10.v20150310.jar:9.2.10.v20150310]
	at org.eclipse.jetty.util.component.ContainerLifeCycle.start(ContainerLifeCycle.java:132) [jetty-util-9.2.10.v20150310.jar:9.2.10.v20150310]
	at org.eclipse.jetty.server.Server.start(Server.java:387) [jetty-server-9.2.10.v20150310.jar:9.2.10.v20150310]
	at org.eclipse.jetty.util.component.ContainerLifeCycle.doStart(ContainerLifeCycle.java:114) [jetty-util-9.2.10.v20150310.jar:9.2.10.v20150310]
	at org.eclipse.jetty.server.handler.AbstractHandler.doStart(AbstractHandler.java:61) [jetty-server-9.2.10.v20150310.jar:9.2.10.v20150310]
	at org.eclipse.jetty.server.Server.doStart(Server.java:354) [jetty-server-9.2.10.v20150310.jar:9.2.10.v20150310]
	at org.eclipse.jetty.util.component.AbstractLifeCycle.start(AbstractLifeCycle.java:68) [jetty-util-9.2.10.v20150310.jar:9.2.10.v20150310]
	at ninja.standalone.NinjaJetty.doStart(NinjaJetty.java:161) [ninja-standalone-5.8.0.jar:na]
	at ninja.standalone.AbstractStandalone.start(AbstractStandalone.java:197) [ninja-core-5.8.0.jar:na]
	at ninja.standalone.AbstractStandalone.start(AbstractStandalone.java:44) [ninja-core-5.8.0.jar:na]
	at ninja.utils.NinjaTestServer.&lt;init&gt;(NinjaTestServer.java:54) [ninja-test-utilities-5.8.0.jar:na]
	at ninja.utils.NinjaTestServer.&lt;init&gt;(NinjaTestServer.java:41) [ninja-test-utilities-5.8.0.jar:na]
	at ninja.utils.NinjaTestServer.&lt;init&gt;(NinjaTestServer.java:37) [ninja-test-utilities-5.8.0.jar:na]
	at ninja.NinjaDocTester.startServerInTestMode(NinjaDocTester.java:43) [ninja-test-utilities-5.8.0.jar:na]
	at sun.reflect.NativeMethodAccessorImpl.invoke0(Native Method) ~[na:1.8.0_111]
	at sun.reflect.NativeMethodAccessorImpl.invoke(NativeMethodAccessorImpl.java:62) ~[na:1.8.0_111]
	at sun.reflect.DelegatingMethodAccessorImpl.invoke(DelegatingMethodAccessorImpl.java:43) ~[na:1.8.0_111]
	at java.lang.reflect.Method.invoke(Method.java:498) ~[na:1.8.0_111]
	at org.junit.runners.model.FrameworkMethod$1.runReflectiveCall(FrameworkMethod.java:47) [junit-4.11.jar:na]
	at org.junit.internal.runners.model.ReflectiveCallable.run(ReflectiveCallable.java:12) [junit-4.11.jar:na]
	at org.junit.runners.model.FrameworkMethod.invokeExplosively(FrameworkMethod.java:44) [junit-4.11.jar:na]
	at org.junit.internal.runners.statements.RunBefores.evaluate(RunBefores.java:24) [junit-4.11.jar:na]
	at org.junit.internal.runners.statements.RunAfters.evaluate(RunAfters.java:27) [junit-4.11.jar:na]
	at org.junit.rules.TestWatcher$1.evaluate(TestWatcher.java:55) [junit-4.11.jar:na]
	at org.junit.rules.RunRules.evaluate(RunRules.java:20) [junit-4.11.jar:na]
	at org.junit.runners.ParentRunner.runLeaf(ParentRunner.java:271) [junit-4.11.jar:na]
	at org.junit.runners.BlockJUnit4ClassRunner.runChild(BlockJUnit4ClassRunner.java:70) [junit-4.11.jar:na]
	at org.junit.runners.BlockJUnit4ClassRunner.runChild(BlockJUnit4ClassRunner.java:50) [junit-4.11.jar:na]
	at org.junit.runners.ParentRunner$3.run(ParentRunner.java:238) [junit-4.11.jar:na]
	at org.junit.runners.ParentRunner$1.schedule(ParentRunner.java:63) [junit-4.11.jar:na]
	at org.junit.runners.ParentRunner.runChildren(ParentRunner.java:236) [junit-4.11.jar:na]
	at org.junit.runners.ParentRunner.access$000(ParentRunner.java:53) [junit-4.11.jar:na]
	at org.junit.runners.ParentRunner$2.evaluate(ParentRunner.java:229) [junit-4.11.jar:na]
	at org.junit.internal.runners.statements.RunAfters.evaluate(RunAfters.java:27) [junit-4.11.jar:na]
	at org.junit.runners.ParentRunner.run(ParentRunner.java:309) [junit-4.11.jar:na]
	at org.apache.maven.surefire.junit4.JUnit4Provider.execute(JUnit4Provider.java:252) [surefire-junit4-2.12.4.jar:2.12.4]
	at org.apache.maven.surefire.junit4.JUnit4Provider.executeTestSet(JUnit4Provider.java:141) [surefire-junit4-2.12.4.jar:2.12.4]
	at org.apache.maven.surefire.junit4.JUnit4Provider.invoke(JUnit4Provider.java:112) [surefire-junit4-2.12.4.jar:2.12.4]
	at sun.reflect.NativeMethodAccessorImpl.invoke0(Native Method) ~[na:1.8.0_111]
	at sun.reflect.NativeMethodAccessorImpl.invoke(NativeMethodAccessorImpl.java:62) ~[na:1.8.0_111]
	at sun.reflect.DelegatingMethodAccessorImpl.invoke(DelegatingMethodAccessorImpl.java:43) ~[na:1.8.0_111]
	at java.lang.reflect.Method.invoke(Method.java:498) ~[na:1.8.0_111]
	at org.apache.maven.surefire.util.ReflectionUtils.invokeMethodWithArray(ReflectionUtils.java:189) [surefire-api-2.12.4.jar:2.12.4]
	at org.apache.maven.surefire.booter.ProviderFactory$ProviderProxy.invoke(ProviderFactory.java:165) [surefire-booter-2.12.4.jar:2.12.4]
	at org.apache.maven.surefire.booter.ProviderFactory.invokeProvider(ProviderFactory.java:85) [surefire-booter-2.12.4.jar:2.12.4]
	at org.apache.maven.surefire.booter.ForkedBooter.runSuitesInProcess(ForkedBooter.java:115) [surefire-booter-2.12.4.jar:2.12.4]
	at org.apache.maven.surefire.booter.ForkedBooter.main(ForkedBooter.java:75) [surefire-booter-2.12.4.jar:2.12.4]
Caused by: javax.persistence.PersistenceException: [PersistenceUnit: h2_test] Unable to build Hibernate SessionFactory
	at org.hibernate.jpa.boot.internal.EntityManagerFactoryBuilderImpl.persistenceException(EntityManagerFactoryBuilderImpl.java:1239) ~[hibernate-entitymanager-4.3.8.Final.jar:4.3.8.Final]
	at org.hibernate.jpa.boot.internal.EntityManagerFactoryBuilderImpl.access$600(EntityManagerFactoryBuilderImpl.java:120) ~[hibernate-entitymanager-4.3.8.Final.jar:4.3.8.Final]
	at org.hibernate.jpa.boot.internal.EntityManagerFactoryBuilderImpl$4.perform(EntityManagerFactoryBuilderImpl.java:855) ~[hibernate-entitymanager-4.3.8.Final.jar:4.3.8.Final]
	at org.hibernate.jpa.boot.internal.EntityManagerFactoryBuilderImpl$4.perform(EntityManagerFactoryBuilderImpl.java:845) ~[hibernate-entitymanager-4.3.8.Final.jar:4.3.8.Final]
	at org.hibernate.boot.registry.classloading.internal.ClassLoaderServiceImpl.withTccl(ClassLoaderServiceImpl.java:398) ~[hibernate-core-4.3.8.Final.jar:4.3.8.Final]
	at org.hibernate.jpa.boot.internal.EntityManagerFactoryBuilderImpl.build(EntityManagerFactoryBuilderImpl.java:844) ~[hibernate-entitymanager-4.3.8.Final.jar:4.3.8.Final]
	at org.hibernate.jpa.HibernatePersistenceProvider.createEntityManagerFactory(HibernatePersistenceProvider.java:75) ~[hibernate-entitymanager-4.3.8.Final.jar:4.3.8.Final]
	at org.hibernate.ejb.HibernatePersistence.createEntityManagerFactory(HibernatePersistence.java:54) ~[hibernate-entitymanager-4.3.8.Final.jar:4.3.8.Final]
	at javax.persistence.Persistence.createEntityManagerFactory(Persistence.java:55) ~[hibernate-jpa-2.1-api-1.0.0.Final.jar:1.0.0.Final]
	at com.google.inject.persist.jpa.JpaPersistService.start(JpaPersistService.java:107) ~[guice-persist-4.0.jar:na]
	at ninja.jpa.JpaInitializer.start(JpaInitializer.java:52) ~[ninja-core-5.8.0.jar:na]
	at sun.reflect.NativeMethodAccessorImpl.invoke0(Native Method) ~[na:1.8.0_111]
	at sun.reflect.NativeMethodAccessorImpl.invoke(NativeMethodAccessorImpl.java:62) ~[na:1.8.0_111]
	at sun.reflect.DelegatingMethodAccessorImpl.invoke(DelegatingMethodAccessorImpl.java:43) ~[na:1.8.0_111]
	at java.lang.reflect.Method.invoke(Method.java:498) ~[na:1.8.0_111]
	at ninja.lifecycle.LifecycleRegister.invokeTarget(LifecycleRegister.java:96) ~[ninja-core-5.8.0.jar:na]
	... 60 common frames omitted
Caused by: org.hibernate.AnnotationException: No identifier specified for entity: models.ActionReaction
	at org.hibernate.cfg.InheritanceState.determineDefaultAccessType(InheritanceState.java:277) ~[hibernate-core-4.3.8.Final.jar:4.3.8.Final]
	at org.hibernate.cfg.InheritanceState.getElementsToProcess(InheritanceState.java:224) ~[hibernate-core-4.3.8.Final.jar:4.3.8.Final]
	at org.hibernate.cfg.AnnotationBinder.bindClass(AnnotationBinder.java:775) ~[hibernate-core-4.3.8.Final.jar:4.3.8.Final]
	at org.hibernate.cfg.Configuration$MetadataSourceQueue.processAnnotatedClassesQueue(Configuration.java:3845) ~[hibernate-core-4.3.8.Final.jar:4.3.8.Final]
	at org.hibernate.cfg.Configuration$MetadataSourceQueue.processMetadata(Configuration.java:3799) ~[hibernate-core-4.3.8.Final.jar:4.3.8.Final]
	at org.hibernate.cfg.Configuration.secondPassCompile(Configuration.java:1412) ~[hibernate-core-4.3.8.Final.jar:4.3.8.Final]
	at org.hibernate.cfg.Configuration.buildSessionFactory(Configuration.java:1846) ~[hibernate-core-4.3.8.Final.jar:4.3.8.Final]
	at org.hibernate.jpa.boot.internal.EntityManagerFactoryBuilderImpl$4.perform(EntityManagerFactoryBuilderImpl.java:852) ~[hibernate-entitymanager-4.3.8.Final.jar:4.3.8.Final]
	... 73 common frames omitted
10:19:03.679 [main] INFO  o.e.jetty.server.ServerConnector - Started ServerConnector@18dbd79{HTTP/1.1}{0.0.0.0:1000}
10:19:04.055 [main] INFO  o.e.jetty.server.ServerConnector - Started ServerConnector@1f35a3f{SSL-HTTP/1.1}{0.0.0.0:8443}
10:19:04.056 [main] WARN  o.e.j.u.component.AbstractLifeCycle - FAILED org.eclipse.jetty.server.Server@dc9bd5: ninja.lifecycle.FailedStartException: javax.persistence.PersistenceException: [PersistenceUnit: h2_test] Unable to build Hibernate SessionFactory
ninja.lifecycle.FailedStartException: javax.persistence.PersistenceException: [PersistenceUnit: h2_test] Unable to build Hibernate SessionFactory
	at ninja.lifecycle.LifecycleRegister.invokeTarget(LifecycleRegister.java:103) ~[ninja-core-5.8.0.jar:na]
	at ninja.lifecycle.LifecycleRegister.start(LifecycleRegister.java:55) ~[ninja-core-5.8.0.jar:na]
	at ninja.lifecycle.LifecycleServiceImpl.start(LifecycleServiceImpl.java:84) ~[ninja-core-5.8.0.jar:na]
	at ninja.NinjaDefault.onFrameworkStart(NinjaDefault.java:149) ~[ninja-core-5.8.0.jar:na]
	at ninja.Bootstrap.boot(Bootstrap.java:116) ~[ninja-core-5.8.0.jar:na]
	at ninja.servlet.NinjaServletListener.createNinjaBootstrap(NinjaServletListener.java:131) ~[ninja-servlet-5.8.0.jar:na]
	at ninja.servlet.NinjaServletListener.getInjector(NinjaServletListener.java:109) ~[ninja-servlet-5.8.0.jar:na]
	at com.google.inject.servlet.GuiceServletContextListener.contextInitialized(GuiceServletContextListener.java:47) ~[guice-servlet-4.0.jar:na]
	at ninja.servlet.NinjaServletListener.contextInitialized(NinjaServletListener.java:61) ~[ninja-servlet-5.8.0.jar:na]
	at org.eclipse.jetty.server.handler.ContextHandler.callContextInitialized(ContextHandler.java:800) ~[jetty-server-9.2.10.v20150310.jar:9.2.10.v20150310]
	at org.eclipse.jetty.servlet.ServletContextHandler.callContextInitialized(ServletContextHandler.java:444) ~[jetty-servlet-9.2.10.v20150310.jar:9.2.10.v20150310]
	at org.eclipse.jetty.server.handler.ContextHandler.startContext(ContextHandler.java:791) ~[jetty-server-9.2.10.v20150310.jar:9.2.10.v20150310]
	at org.eclipse.jetty.servlet.ServletContextHandler.startContext(ServletContextHandler.java:294) ~[jetty-servlet-9.2.10.v20150310.jar:9.2.10.v20150310]
	at org.eclipse.jetty.server.handler.ContextHandler.doStart(ContextHandler.java:741) ~[jetty-server-9.2.10.v20150310.jar:9.2.10.v20150310]
	at org.eclipse.jetty.util.component.AbstractLifeCycle.start(AbstractLifeCycle.java:68) ~[jetty-util-9.2.10.v20150310.jar:9.2.10.v20150310]
	at org.eclipse.jetty.util.component.ContainerLifeCycle.start(ContainerLifeCycle.java:132) ~[jetty-util-9.2.10.v20150310.jar:9.2.10.v20150310]
	at org.eclipse.jetty.server.Server.start(Server.java:387) ~[jetty-server-9.2.10.v20150310.jar:9.2.10.v20150310]
	at org.eclipse.jetty.util.component.ContainerLifeCycle.doStart(ContainerLifeCycle.java:114) ~[jetty-util-9.2.10.v20150310.jar:9.2.10.v20150310]
	at org.eclipse.jetty.server.handler.AbstractHandler.doStart(AbstractHandler.java:61) ~[jetty-server-9.2.10.v20150310.jar:9.2.10.v20150310]
	at org.eclipse.jetty.server.Server.doStart(Server.java:354) ~[jetty-server-9.2.10.v20150310.jar:9.2.10.v20150310]
	at org.eclipse.jetty.util.component.AbstractLifeCycle.start(AbstractLifeCycle.java:68) ~[jetty-util-9.2.10.v20150310.jar:9.2.10.v20150310]
	at ninja.standalone.NinjaJetty.doStart(NinjaJetty.java:161) [ninja-standalone-5.8.0.jar:na]
	at ninja.standalone.AbstractStandalone.start(AbstractStandalone.java:197) [ninja-core-5.8.0.jar:na]
	at ninja.standalone.AbstractStandalone.start(AbstractStandalone.java:44) [ninja-core-5.8.0.jar:na]
	at ninja.utils.NinjaTestServer.&lt;init&gt;(NinjaTestServer.java:54) [ninja-test-utilities-5.8.0.jar:na]
	at ninja.utils.NinjaTestServer.&lt;init&gt;(NinjaTestServer.java:41) [ninja-test-utilities-5.8.0.jar:na]
	at ninja.utils.NinjaTestServer.&lt;init&gt;(NinjaTestServer.java:37) [ninja-test-utilities-5.8.0.jar:na]
	at ninja.NinjaDocTester.startServerInTestMode(NinjaDocTester.java:43) [ninja-test-utilities-5.8.0.jar:na]
	at sun.reflect.NativeMethodAccessorImpl.invoke0(Native Method) ~[na:1.8.0_111]
	at sun.reflect.NativeMethodAccessorImpl.invoke(NativeMethodAccessorImpl.java:62) ~[na:1.8.0_111]
	at sun.reflect.DelegatingMethodAccessorImpl.invoke(DelegatingMethodAccessorImpl.java:43) ~[na:1.8.0_111]
	at java.lang.reflect.Method.invoke(Method.java:498) ~[na:1.8.0_111]
	at org.junit.runners.model.FrameworkMethod$1.runReflectiveCall(FrameworkMethod.java:47) [junit-4.11.jar:na]
	at org.junit.internal.runners.model.ReflectiveCallable.run(ReflectiveCallable.java:12) [junit-4.11.jar:na]
	at org.junit.runners.model.FrameworkMethod.invokeExplosively(FrameworkMethod.java:44) [junit-4.11.jar:na]
	at org.junit.internal.runners.statements.RunBefores.evaluate(RunBefores.java:24) [junit-4.11.jar:na]
	at org.junit.internal.runners.statements.RunAfters.evaluate(RunAfters.java:27) [junit-4.11.jar:na]
	at org.junit.rules.TestWatcher$1.evaluate(TestWatcher.java:55) [junit-4.11.jar:na]
	at org.junit.rules.RunRules.evaluate(RunRules.java:20) [junit-4.11.jar:na]
	at org.junit.runners.ParentRunner.runLeaf(ParentRunner.java:271) [junit-4.11.jar:na]
	at org.junit.runners.BlockJUnit4ClassRunner.runChild(BlockJUnit4ClassRunner.java:70) [junit-4.11.jar:na]
	at org.junit.runners.BlockJUnit4ClassRunner.runChild(BlockJUnit4ClassRunner.java:50) [junit-4.11.jar:na]
	at org.junit.runners.ParentRunner$3.run(ParentRunner.java:238) [junit-4.11.jar:na]
	at org.junit.runners.ParentRunner$1.schedule(ParentRunner.java:63) [junit-4.11.jar:na]
	at org.junit.runners.ParentRunner.runChildren(ParentRunner.java:236) [junit-4.11.jar:na]
	at org.junit.runners.ParentRunner.access$000(ParentRunner.java:53) [junit-4.11.jar:na]
	at org.junit.runners.ParentRunner$2.evaluate(ParentRunner.java:229) [junit-4.11.jar:na]
	at org.junit.internal.runners.statements.RunAfters.evaluate(RunAfters.java:27) [junit-4.11.jar:na]
	at org.junit.runners.ParentRunner.run(ParentRunner.java:309) [junit-4.11.jar:na]
	at org.apache.maven.surefire.junit4.JUnit4Provider.execute(JUnit4Provider.java:252) [surefire-junit4-2.12.4.jar:2.12.4]
	at org.apache.maven.surefire.junit4.JUnit4Provider.executeTestSet(JUnit4Provider.java:141) [surefire-junit4-2.12.4.jar:2.12.4]
	at org.apache.maven.surefire.junit4.JUnit4Provider.invoke(JUnit4Provider.java:112) [surefire-junit4-2.12.4.jar:2.12.4]
	at sun.reflect.NativeMethodAccessorImpl.invoke0(Native Method) ~[na:1.8.0_111]
	at sun.reflect.NativeMethodAccessorImpl.invoke(NativeMethodAccessorImpl.java:62) ~[na:1.8.0_111]
	at sun.reflect.DelegatingMethodAccessorImpl.invoke(DelegatingMethodAccessorImpl.java:43) ~[na:1.8.0_111]
	at java.lang.reflect.Method.invoke(Method.java:498) ~[na:1.8.0_111]
	at org.apache.maven.surefire.util.ReflectionUtils.invokeMethodWithArray(ReflectionUtils.java:189) [surefire-api-2.12.4.jar:2.12.4]
	at org.apache.maven.surefire.booter.ProviderFactory$ProviderProxy.invoke(ProviderFactory.java:165) [surefire-booter-2.12.4.jar:2.12.4]
	at org.apache.maven.surefire.booter.ProviderFactory.invokeProvider(ProviderFactory.java:85) [surefire-booter-2.12.4.jar:2.12.4]
	at org.apache.maven.surefire.booter.ForkedBooter.runSuitesInProcess(ForkedBooter.java:115) [surefire-booter-2.12.4.jar:2.12.4]
	at org.apache.maven.surefire.booter.ForkedBooter.main(ForkedBooter.java:75) [surefire-booter-2.12.4.jar:2.12.4]
Caused by: javax.persistence.PersistenceException: [PersistenceUnit: h2_test] Unable to build Hibernate SessionFactory
	at org.hibernate.jpa.boot.internal.EntityManagerFactoryBuilderImpl.persistenceException(EntityManagerFactoryBuilderImpl.java:1239) ~[hibernate-entitymanager-4.3.8.Final.jar:4.3.8.Final]
	at org.hibernate.jpa.boot.internal.EntityManagerFactoryBuilderImpl.access$600(EntityManagerFactoryBuilderImpl.java:120) ~[hibernate-entitymanager-4.3.8.Final.jar:4.3.8.Final]
	at org.hibernate.jpa.boot.internal.EntityManagerFactoryBuilderImpl$4.perform(EntityManagerFactoryBuilderImpl.java:855) ~[hibernate-entitymanager-4.3.8.Final.jar:4.3.8.Final]
	at org.hibernate.jpa.boot.internal.EntityManagerFactoryBuilderImpl$4.perform(EntityManagerFactoryBuilderImpl.java:845) ~[hibernate-entitymanager-4.3.8.Final.jar:4.3.8.Final]
	at org.hibernate.boot.registry.classloading.internal.ClassLoaderServiceImpl.withTccl(ClassLoaderServiceImpl.java:398) ~[hibernate-core-4.3.8.Final.jar:4.3.8.Final]
	at org.hibernate.jpa.boot.internal.EntityManagerFactoryBuilderImpl.build(EntityManagerFactoryBuilderImpl.java:844) ~[hibernate-entitymanager-4.3.8.Final.jar:4.3.8.Final]
	at org.hibernate.jpa.HibernatePersistenceProvider.createEntityManagerFactory(HibernatePersistenceProvider.java:75) ~[hibernate-entitymanager-4.3.8.Final.jar:4.3.8.Final]
	at org.hibernate.ejb.HibernatePersistence.createEntityManagerFactory(HibernatePersistence.java:54) ~[hibernate-entitymanager-4.3.8.Final.jar:4.3.8.Final]
	at javax.persistence.Persistence.createEntityManagerFactory(Persistence.java:55) ~[hibernate-jpa-2.1-api-1.0.0.Final.jar:1.0.0.Final]
	at com.google.inject.persist.jpa.JpaPersistService.start(JpaPersistService.java:107) ~[guice-persist-4.0.jar:na]
	at ninja.jpa.JpaInitializer.start(JpaInitializer.java:52) ~[ninja-core-5.8.0.jar:na]
	at sun.reflect.NativeMethodAccessorImpl.invoke0(Native Method) ~[na:1.8.0_111]
	at sun.reflect.NativeMethodAccessorImpl.invoke(NativeMethodAccessorImpl.java:62) ~[na:1.8.0_111]
	at sun.reflect.DelegatingMethodAccessorImpl.invoke(DelegatingMethodAccessorImpl.java:43) ~[na:1.8.0_111]
	at java.lang.reflect.Method.invoke(Method.java:498) ~[na:1.8.0_111]
	at ninja.lifecycle.LifecycleRegister.invokeTarget(LifecycleRegister.java:96) ~[ninja-core-5.8.0.jar:na]
	... 60 common frames omitted
Caused by: org.hibernate.AnnotationException: No identifier specified for entity: models.ActionReaction
	at org.hibernate.cfg.InheritanceState.determineDefaultAccessType(InheritanceState.java:277) ~[hibernate-core-4.3.8.Final.jar:4.3.8.Final]
	at org.hibernate.cfg.InheritanceState.getElementsToProcess(InheritanceState.java:224) ~[hibernate-core-4.3.8.Final.jar:4.3.8.Final]
	at org.hibernate.cfg.AnnotationBinder.bindClass(AnnotationBinder.java:775) ~[hibernate-core-4.3.8.Final.jar:4.3.8.Final]
	at org.hibernate.cfg.Configuration$MetadataSourceQueue.processAnnotatedClassesQueue(Configuration.java:3845) ~[hibernate-core-4.3.8.Final.jar:4.3.8.Final]
	at org.hibernate.cfg.Configuration$MetadataSourceQueue.processMetadata(Configuration.java:3799) ~[hibernate-core-4.3.8.Final.jar:4.3.8.Final]
	at org.hibernate.cfg.Configuration.secondPassCompile(Configuration.java:1412) ~[hibernate-core-4.3.8.Final.jar:4.3.8.Final]
	at org.hibernate.cfg.Configuration.buildSessionFactory(Configuration.java:1846) ~[hibernate-core-4.3.8.Final.jar:4.3.8.Final]
	at org.hibernate.jpa.boot.internal.EntityManagerFactoryBuilderImpl$4.perform(EntityManagerFactoryBuilderImpl.java:852) ~[hibernate-entitymanager-4.3.8.Final.jar:4.3.8.Final]
	... 73 common frames omitted
</system-out>
  </testcase>
  <testcase classname="controllers.ApiControllerDocTesterTest" name="testGetAndPostArticleViaJson" time="2.707">
    <error type="java.lang.NullPointerException">java.lang.NullPointerException
	at ninja.NinjaDocTester.shutdownServer(NinjaDocTester.java:48)
	at sun.reflect.NativeMethodAccessorImpl.invoke0(Native Method)
	at sun.reflect.NativeMethodAccessorImpl.invoke(NativeMethodAccessorImpl.java:62)
	at sun.reflect.DelegatingMethodAccessorImpl.invoke(DelegatingMethodAccessorImpl.java:43)
	at java.lang.reflect.Method.invoke(Method.java:498)
	at org.junit.runners.model.FrameworkMethod$1.runReflectiveCall(FrameworkMethod.java:47)
	at org.junit.internal.runners.model.ReflectiveCallable.run(ReflectiveCallable.java:12)
	at org.junit.runners.model.FrameworkMethod.invokeExplosively(FrameworkMethod.java:44)
	at org.junit.internal.runners.statements.RunAfters.evaluate(RunAfters.java:33)
	at org.junit.rules.TestWatcher$1.evaluate(TestWatcher.java:55)
	at org.junit.rules.RunRules.evaluate(RunRules.java:20)
	at org.junit.runners.ParentRunner.runLeaf(ParentRunner.java:271)
	at org.junit.runners.BlockJUnit4ClassRunner.runChild(BlockJUnit4ClassRunner.java:70)
	at org.junit.runners.BlockJUnit4ClassRunner.runChild(BlockJUnit4ClassRunner.java:50)
	at org.junit.runners.ParentRunner$3.run(ParentRunner.java:238)
	at org.junit.runners.ParentRunner$1.schedule(ParentRunner.java:63)
	at org.junit.runners.ParentRunner.runChildren(ParentRunner.java:236)
	at org.junit.runners.ParentRunner.access$000(ParentRunner.java:53)
	at org.junit.runners.ParentRunner$2.evaluate(ParentRunner.java:229)
	at org.junit.internal.runners.statements.RunAfters.evaluate(RunAfters.java:27)
	at org.junit.runners.ParentRunner.run(ParentRunner.java:309)
	at org.apache.maven.surefire.junit4.JUnit4Provider.execute(JUnit4Provider.java:252)
	at org.apache.maven.surefire.junit4.JUnit4Provider.executeTestSet(JUnit4Provider.java:141)
	at org.apache.maven.surefire.junit4.JUnit4Provider.invoke(JUnit4Provider.java:112)
	at sun.reflect.NativeMethodAccessorImpl.invoke0(Native Method)
	at sun.reflect.NativeMethodAccessorImpl.invoke(NativeMethodAccessorImpl.java:62)
	at sun.reflect.DelegatingMethodAccessorImpl.invoke(DelegatingMethodAccessorImpl.java:43)
	at java.lang.reflect.Method.invoke(Method.java:498)
	at org.apache.maven.surefire.util.ReflectionUtils.invokeMethodWithArray(ReflectionUtils.java:189)
	at org.apache.maven.surefire.booter.ProviderFactory$ProviderProxy.invoke(ProviderFactory.java:165)
	at org.apache.maven.surefire.booter.ProviderFactory.invokeProvider(ProviderFactory.java:85)
	at org.apache.maven.surefire.booter.ForkedBooter.runSuitesInProcess(ForkedBooter.java:115)
	at org.apache.maven.surefire.booter.ForkedBooter.main(ForkedBooter.java:75)
</error>
  </testcase>
</testsuite>